<?xml version="1.0" encoding="UTF-8"?>
<!-- Generated by org.testng.reporters.JUnitXMLReporter -->
<testsuite hostname="Suraj-PC" ignored="0" name="Test" tests="3" failures="0" timestamp="29 Jun 2021 18:54:02 GMT" time="99.854" errors="0">
  <testcase name="testValidLogin" time="15.42" classname="script.ValidLogin_Test"/>
  <testcase name="testInvalidLogin" time="18.827" classname="script.InvalidLogin_Test"/>
  <testcase name="testProductVerson" time="11.731" classname="script.VerifyProductVersion_Test"/>
</testsuite> <!-- Test -->
